<?xml version="1.0" encoding="UTF-8" ?>
<testsuite tests="8" failures="0" name="com.mycompany.deque.Deque_Test" time="0.022" errors="0" skipped="0">
  <properties>
[...]
</properties>
  <testcase classname="com.mycompany.deque.Deque_Test" name="testA" time="0.005"/>
  <testcase classname="com.mycompany.deque.Deque_Test" name="testB" time="0.004"/>
  <testcase classname="com.mycompany.deque.Deque_Test" name="testC" time="0.002"/>
  <testcase classname="com.mycompany.deque.Deque_Test" name="testD" time="0.003"/>
  <testcase classname="com.mycompany.deque.Deque_Test" name="testE" time="0.002"/>
  <testcase classname="com.mycompany.deque.Deque_Test" name="testF" time="0.003"/>
  <testcase classname="com.mycompany.deque.Deque_Test" name="testG" time="0.001"/>
  <testcase classname="com.mycompany.deque.Deque_Test" name="testH" time="0.002"/>
</testsuite>